<?xml version="1.0" encoding="UTF-8"?>
<testsuite name="Testsuite"
           tests="7"
           failures="0"
           errors="0"
           skipped="0"
           time="18.361">
  <properties />
  
  
            <testcase name="userShouldNavigateToSignInPageSuccessFully" time="1.289" classname="com.automation.testsuite.SignInPageTest" />
                <testcase name="verifyThatUserShouldLogInSuccessFullyWithValidCredentials" time="1.926" classname="com.automation.testsuite.SignInPageTest" />
                <testcase name="verifyTheErrorMessageWithInValidCredentials" time="3.711" classname="com.automation.testsuite.SignInPageTest" />
                <testcase name="verifyTheErrorMessageWithInValidCredentials" time="1.995" classname="com.automation.testsuite.SignInPageTest" />
                <testcase name="verifyTheErrorMessageWithInValidCredentials" time="3.144" classname="com.automation.testsuite.SignInPageTest" />
                <testcase name="verifyThatUserShouldLogOutSuccessFully" time="3.715" classname="com.automation.testsuite.SignInPageTest" />
                <testcase name="verifyTheErrorMessageWithInValidCredentials" time="2.581" classname="com.automation.testsuite.SignInPageTest" />
      
</testsuite>
